<?xml version="1.0" encoding="UTF-8"?>
<testsuite xmlns:xsi="http://www.w3.org/2001/XMLSchema-instance" xsi:noNamespaceSchemaLocation="https://maven.apache.org/surefire/maven-surefire-plugin/xsd/surefire-test-report-3.0.xsd" version="3.0" name="app.music.playlist.PlaylistApplicationTests" time="2.056" tests="1" errors="0" skipped="0" failures="0">
  <properties>
[...]
</properties>
  <testcase name="contextLoads" classname="app.music.playlist.PlaylistApplicationTests" time="0.284">
    <system-out><![CDATA[22:37:20.389 [main] INFO org.springframework.test.context.support.AnnotationConfigContextLoaderUtils -- Could not detect default configuration classes for test class [app.music.playlist.PlaylistApplicationTests]: PlaylistApplicationTests does not declare any static, non-private, non-final, nested classes annotated with @Configuration.
22:37:20.432 [main] INFO org.springframework.boot.test.context.SpringBootTestContextBootstrapper -- Found @SpringBootConfiguration app.music.playlist.PlaylistApplication for test class app.music.playlist.PlaylistApplicationTests

  .   ____          _            __ _ _
 /\\ / ___'_ __ _ _(_)_ __  __ _ \ \ \ \
( ( )\___ | '_ | '_| | '_ \/ _` | \ \ \ \
 \\/  ___)| |_)| | | | | || (_| |  ) ) ) )
  '  |____| .__|_| |_|_| |_\__, | / / / /
 =========|_|==============|___/=/_/_/_/
 :: Spring Boot ::                (v3.1.0)

2023-06-12T22:37:20.576+05:30  INFO 31307 --- [           main] a.m.playlist.PlaylistApplicationTests    : Starting PlaylistApplicationTests using Java 20.0.1 with PID 31307 (started by gm_abhishek in /Volumes/Dev Abyss/Project/react-springboot-music-app/backend)
2023-06-12T22:37:20.577+05:30  INFO 31307 --- [           main] a.m.playlist.PlaylistApplicationTests    : No active profile set, falling back to 1 default profile: "default"
2023-06-12T22:37:20.792+05:30  INFO 31307 --- [           main] .s.d.r.c.RepositoryConfigurationDelegate : Bootstrapping Spring Data JPA repositories in DEFAULT mode.
2023-06-12T22:37:20.814+05:30  INFO 31307 --- [           main] .s.d.r.c.RepositoryConfigurationDelegate : Finished Spring Data repository scanning in 19 ms. Found 3 JPA repository interfaces.
2023-06-12T22:37:20.994+05:30  INFO 31307 --- [           main] o.hibernate.jpa.internal.util.LogHelper  : HHH000204: Processing PersistenceUnitInfo [name: default]
2023-06-12T22:37:21.010+05:30  INFO 31307 --- [           main] org.hibernate.Version                    : HHH000412: Hibernate ORM core version 6.2.2.Final
2023-06-12T22:37:21.011+05:30  INFO 31307 --- [           main] org.hibernate.cfg.Environment            : HHH000406: Using bytecode reflection optimizer
2023-06-12T22:37:21.064+05:30  INFO 31307 --- [           main] o.h.b.i.BytecodeProviderInitiator        : HHH000021: Bytecode provider name : bytebuddy
2023-06-12T22:37:21.106+05:30  INFO 31307 --- [           main] o.s.o.j.p.SpringPersistenceUnitInfo      : No LoadTimeWeaver setup: ignoring JPA class transformer
2023-06-12T22:37:21.111+05:30  INFO 31307 --- [           main] com.zaxxer.hikari.HikariDataSource       : HikariPool-1 - Starting...
2023-06-12T22:37:21.289+05:30  INFO 31307 --- [           main] com.zaxxer.hikari.pool.HikariPool        : HikariPool-1 - Added connection com.mysql.cj.jdbc.ConnectionImpl@6121a7dd
2023-06-12T22:37:21.290+05:30  INFO 31307 --- [           main] com.zaxxer.hikari.HikariDataSource       : HikariPool-1 - Start completed.
2023-06-12T22:37:21.308+05:30  INFO 31307 --- [           main] org.hibernate.orm.dialect                : HHH035001: Using dialect: org.hibernate.dialect.MySQL8Dialect, version: 8.0
2023-06-12T22:37:21.308+05:30  WARN 31307 --- [           main] org.hibernate.orm.deprecation            : HHH90000026: MySQL8Dialect has been deprecated; use org.hibernate.dialect.MySQLDialect instead
2023-06-12T22:37:21.391+05:30  INFO 31307 --- [           main] o.h.b.i.BytecodeProviderInitiator        : HHH000021: Bytecode provider name : bytebuddy
2023-06-12T22:37:21.650+05:30  INFO 31307 --- [           main] o.h.e.t.j.p.i.JtaPlatformInitiator       : HHH000490: Using JtaPlatform implementation: [org.hibernate.engine.transaction.jta.platform.internal.NoJtaPlatform]
Hibernate: 
    alter table album 
       modify column url_cover_photo  TEXT
2023-06-12T22:37:21.716+05:30  INFO 31307 --- [           main] j.LocalContainerEntityManagerFactoryBean : Initialized JPA EntityManagerFactory for persistence unit 'default'
2023-06-12T22:37:21.938+05:30  WARN 31307 --- [           main] JpaBaseConfiguration$JpaWebConfiguration : spring.jpa.open-in-view is enabled by default. Therefore, database queries may be performed during view rendering. Explicitly configure spring.jpa.open-in-view to disable this warning
2023-06-12T22:37:22.087+05:30  INFO 31307 --- [           main] a.m.playlist.PlaylistApplicationTests    : Started PlaylistApplicationTests in 1.611 seconds (process running for 1.983)
]]></system-out>
  </testcase>
</testsuite>